11:43:07 INFO     side                     session started — log → /home/n0v4p4x/DevOps/s-ide-py/logs/s-ide.log
11:45:16 INFO     side                     session started — log → /home/n0v4p4x/DevOps/s-ide-py/logs/s-ide.log
11:45:16 INFO     side.app                 S-IDE starting
11:45:32 INFO     side.app                 Loading project: /home/n0v4p4x/DevOps/s-ide-py
11:45:32 DEBUG    side.app                 parse_project thread started
11:45:32 INFO     side.app                 Parse OK — 47 nodes, 244 edges in 358ms  (slowest: parse_files)
11:45:32 INFO     side.app                 S-IDE is monitoring itself: /home/n0v4p4x/DevOps/s-ide-py
11:45:32 DEBUG    side.app                 MetricsWatcher started for /home/n0v4p4x/DevOps/s-ide-py
12:01:07 INFO     side.app                 S-IDE shutting down
12:01:49 INFO     side                     session started — log → /home/n0v4p4x/DevOps/s-ide-py/logs/s-ide.log
12:01:49 INFO     side.app                 S-IDE starting
12:06:50 INFO     side                     session started — log → /home/n0v4p4x/DevOps/s-ide-py/logs/s-ide.log
12:06:50 INFO     side.app                 S-IDE starting
12:07:43 INFO     side                     session started — log → /home/n0v4p4x/DevOps/s-ide-py/logs/s-ide.log
12:07:43 INFO     side.app                 S-IDE starting
12:08:28 INFO     side                     session started — log → /home/n0v4p4x/DevOps/s-ide-py/logs/s-ide.log
12:08:28 INFO     side.app                 S-IDE starting
12:08:46 INFO     side                     session started — log → /home/n0v4p4x/DevOps/s-ide-py/logs/s-ide.log
12:08:46 INFO     side.app                 S-IDE starting
12:09:02 INFO     side                     session started — log → /home/n0v4p4x/DevOps/s-ide-py/logs/s-ide.log
12:09:02 INFO     side.app                 S-IDE starting
12:10:09 INFO     side.app                 S-IDE shutting down
12:11:50 INFO     side                     session started — log → /home/n0v4p4x/DevOps/s-ide-py/logs/s-ide.log
12:11:50 INFO     side.app                 S-IDE starting
12:11:59 INFO     side.app                 S-IDE shutting down
12:12:31 INFO     side                     session started — log → /home/n0v4p4x/DevOps/s-ide-py/logs/s-ide.log
12:12:31 INFO     side.app                 S-IDE starting
12:12:32 INFO     side.app                 Loading project: /home/n0v4p4x/DevOps/s-ide-py
12:12:32 DEBUG    side.app                 parse_project thread started
12:12:32 INFO     side.app                 Parse OK — 47 nodes, 246 edges in 475ms  (slowest: parse_files)
12:12:32 INFO     side.app                 S-IDE is monitoring itself: /home/n0v4p4x/DevOps/s-ide-py
12:12:32 DEBUG    side.app                 MetricsWatcher started for /home/n0v4p4x/DevOps/s-ide-py
12:16:33 INFO     side                     session started — log → /home/n0v4p4x/DevOps/s-ide-py/logs/s-ide.log
12:16:33 INFO     side.app                 S-IDE starting
12:16:33 INFO     side.app                 Loading project: /home/n0v4p4x/DevOps/s-ide-py
12:16:33 DEBUG    side.app                 parse_project thread started
12:16:34 INFO     side.app                 Parse OK — 47 nodes, 246 edges in 535ms  (slowest: parse_files)
12:16:34 INFO     side.app                 S-IDE is monitoring itself: /home/n0v4p4x/DevOps/s-ide-py
12:16:34 DEBUG    side.app                 MetricsWatcher started for /home/n0v4p4x/DevOps/s-ide-py
12:18:22 INFO     side.app                 S-IDE shutting down
12:22:47 INFO     side                     session started — log → /home/n0v4p4x/DevOps/s-ide-py/logs/s-ide.log
12:22:47 INFO     side.app                 S-IDE starting
12:22:47 INFO     side.app                 Loading project: /home/n0v4p4x/DevOps/s-ide-py
12:22:47 DEBUG    side.app                 parse_project thread started
12:22:48 INFO     side.app                 Parse OK — 47 nodes, 246 edges in 418ms  (slowest: parse_files)
12:22:48 INFO     side.app                 S-IDE is monitoring itself: /home/n0v4p4x/DevOps/s-ide-py
12:22:48 DEBUG    side.app                 MetricsWatcher started for /home/n0v4p4x/DevOps/s-ide-py
12:25:04 INFO     side.app                 S-IDE shutting down
12:25:04 INFO     side.app                 S-IDE shutting down
12:27:19 INFO     side                     session started — log → /home/n0v4p4x/DevOps/s-ide-py/logs/s-ide.log
12:27:19 INFO     side.app                 S-IDE starting
12:27:20 INFO     side.app                 Loading project: /home/n0v4p4x/DevOps/s-ide-py
12:27:20 DEBUG    side.app                 parse_project thread started
12:27:20 INFO     side.app                 Parse OK — 47 nodes, 246 edges in 397ms  (slowest: parse_files)
12:27:20 INFO     side.app                 S-IDE is monitoring itself: /home/n0v4p4x/DevOps/s-ide-py
12:27:20 DEBUG    side.app                 MetricsWatcher started for /home/n0v4p4x/DevOps/s-ide-py
12:34:45 INFO     side.app                 S-IDE shutting down
12:45:33 INFO     side                     session started — log → /home/n0v4p4x/DevOps/s-ide-py/logs/s-ide.log
12:45:33 INFO     side.app                 S-IDE starting
12:45:33 INFO     side.app                 Loading project: /home/n0v4p4x/DevOps/s-ide-py
12:45:33 DEBUG    side.app                 parse_project thread started
12:45:34 INFO     side.app                 Parse OK — 47 nodes, 247 edges in 414ms  (slowest: parse_files)
12:45:34 INFO     side.app                 S-IDE is monitoring itself: /home/n0v4p4x/DevOps/s-ide-py
12:45:34 DEBUG    side.app                 MetricsWatcher started for /home/n0v4p4x/DevOps/s-ide-py
12:56:38 INFO     side.app                 S-IDE shutting down
12:57:24 INFO     side                     session started — log → /home/n0v4p4x/DevOps/s-ide-py/logs/s-ide.log
12:57:24 INFO     side.app                 S-IDE starting
12:57:25 INFO     side.app                 Loading project: /home/n0v4p4x/DevOps/s-ide-py
12:57:25 DEBUG    side.app                 parse_project thread started
12:57:26 INFO     side.app                 Parse OK — 47 nodes, 247 edges in 832ms  (slowest: parse_files)
12:57:26 INFO     side.app                 S-IDE is monitoring itself: /home/n0v4p4x/DevOps/s-ide-py
12:57:26 DEBUG    side.app                 MetricsWatcher started for /home/n0v4p4x/DevOps/s-ide-py
12:58:18 INFO     side.app                 S-IDE shutting down
12:58:21 INFO     side                     session started — log → /home/n0v4p4x/DevOps/s-ide-py/logs/s-ide.log
12:58:21 INFO     side.app                 S-IDE starting
12:58:22 INFO     side.app                 Loading project: /home/n0v4p4x/DevOps/s-ide-py
12:58:22 DEBUG    side.app                 parse_project thread started
12:58:22 INFO     side.app                 Parse OK — 47 nodes, 247 edges in 505ms  (slowest: parse_files)
12:58:22 INFO     side.app                 S-IDE is monitoring itself: /home/n0v4p4x/DevOps/s-ide-py
12:58:22 DEBUG    side.app                 MetricsWatcher started for /home/n0v4p4x/DevOps/s-ide-py
13:13:49 INFO     side.app                 S-IDE shutting down
13:13:58 INFO     side                     session started — log → /home/n0v4p4x/DevOps/s-ide-py/logs/s-ide.log
13:13:58 INFO     side.app                 S-IDE starting
13:13:59 INFO     side.app                 Loading project: /home/n0v4p4x/DevOps/s-ide-py
13:13:59 DEBUG    side.app                 parse_project thread started
13:13:59 INFO     side.app                 Parse OK — 47 nodes, 247 edges in 556ms  (slowest: parse_files)
13:13:59 INFO     side.app                 S-IDE is monitoring itself: /home/n0v4p4x/DevOps/s-ide-py
13:13:59 DEBUG    side.app                 MetricsWatcher started for /home/n0v4p4x/DevOps/s-ide-py
13:27:34 INFO     side                     session started — log → /home/n0v4p4x/DevOps/s-ide-py/logs/s-ide.log
13:27:34 INFO     side.app                 S-IDE starting
13:27:35 INFO     side.app                 Loading project: /home/n0v4p4x/DevOps/s-ide-py
13:27:35 DEBUG    side.app                 parse_project thread started
13:27:35 INFO     side.app                 Parse OK — 47 nodes, 248 edges in 438ms  (slowest: parse_files)
13:27:35 INFO     side.app                 S-IDE is monitoring itself: /home/n0v4p4x/DevOps/s-ide-py
13:27:35 DEBUG    side.app                 MetricsWatcher started for /home/n0v4p4x/DevOps/s-ide-py
